time="2023-10-19T13:04:52+01:00" level=info msg="Starting server"
time="2023-10-19T13:06:59+01:00" level=info msg="Starting server"
time="2023-10-19T13:06:59+01:00" level=info msg="POST /api/jobs [::1]:49341 12.482959ms"
time="2023-10-19T13:07:03+01:00" level=info msg="POST /api/jobs [::1]:49341 14.513583ms"
time="2023-10-19T13:07:43+01:00" level=info msg="Starting server on port %s:8080"
time="2023-10-19T13:51:34+01:00" level=info msg="Starting server on port :8080"
time="2023-10-19T14:08:42+01:00" level=info msg="Starting server on port :8080"
time="2023-10-19T14:09:45+01:00" level=info msg="Starting server on port :8080"
time="2023-10-19T14:10:59+01:00" level=info msg="Starting server on port :8080"
time="2023-10-19T14:13:45+01:00" level=info msg="Starting server on port :8080"
time="2023-10-19T14:15:19+01:00" level=info msg="Starting server on port :8080"
time="2023-10-19T15:22:28+01:00" level=info msg="Starting server on port :8080"
time="2023-10-19T15:46:59+01:00" level=info msg="POST /api/jobs [::1]:61128 5.643929709s"
time="2023-10-19T15:48:17+01:00" level=info msg="POST /api/jobs [::1]:61192 4.316408666s"
time="2023-10-19T15:48:20+01:00" level=info msg="POST /api/jobs [::1]:61197 15.625µs"
time="2023-10-19T15:48:21+01:00" level=info msg="POST /api/jobs [::1]:61201 94.791µs"
time="2023-10-19T15:49:14+01:00" level=info msg="POST /api/jobs [::1]:61208 20.351443916s"
time="2023-10-19T15:50:49+01:00" level=info msg="Starting server on port :8080"
time="2023-10-19T15:51:06+01:00" level=info msg="POST /api/jobs [::1]:61273 10.067061583s"
time="2023-10-19T15:51:30+01:00" level=info msg="Starting server on port :8080"
time="2023-10-19T15:51:33+01:00" level=info msg="&{0x140000b0210 <nil> <nil> false true {0 0} false false false 0x104f63c40}"
time="2023-10-19T15:51:34+01:00" level=info msg="POST /api/jobs [::1]:61290 3.491755459s"
time="2023-10-19T15:51:51+01:00" level=info msg="&{0x1400000e360 <nil> <nil> false true {0 0} false false false 0x104f63c40}"
time="2023-10-19T15:51:51+01:00" level=info msg="POST /api/jobs [::1]:61294 15.62690825s"
time="2023-10-19T15:52:16+01:00" level=info msg="&{0x14000110018 <nil> <nil> false true {0 0} false false false 0x104f63c40}"
time="2023-10-19T15:52:19+01:00" level=info msg="POST /api/jobs [::1]:61320 5.46075925s"
time="2023-10-19T15:52:46+01:00" level=info msg="POST /api/auth/login [::1]:61421 77.162958ms"
time="2023-10-19T15:53:19+01:00" level=info msg="POST /api/auth/login [::1]:61485 453.792µs"
time="2023-10-19T15:53:23+01:00" level=info msg="POST /api/auth/login [::1]:61501 74.40525ms"
time="2023-10-19T15:53:32+01:00" level=info msg="POST /api/auth/login [::1]:61518 77.787666ms"
time="2023-10-19T15:53:47+01:00" level=info msg="&{0x140001103d8 <nil> <nil> false true {0 0} false false false 0x104f63c40}"
time="2023-10-19T15:53:48+01:00" level=info msg="POST /api/jobs [::1]:61526 11.298344209s"
time="2023-10-19T15:53:56+01:00" level=info msg="&{0x140000b06a8 <nil> <nil> false true {0 0} false false false 0x104f63c40}"
time="2023-10-19T15:53:56+01:00" level=info msg="POST /api/jobs [::1]:61549 63.834µs"
time="2023-10-19T15:57:19+01:00" level=info msg="Starting server on port :8080"
time="2023-10-19T15:57:25+01:00" level=info msg="POST /api/auth/login [::1]:61652 76.296583ms"
time="2023-10-19T15:57:26+01:00" level=info msg="&{0x140000b0240 <nil> <nil> false true {0 0} false false false 0x10339bc40}"
time="2023-10-19T15:57:26+01:00" level=info msg="POST /api/jobs [::1]:61660 75.459µs"
time="2023-10-19T15:57:27+01:00" level=info msg="&{0x1400000e138 <nil> <nil> false true {0 0} false false false 0x10339bc40}"
time="2023-10-19T15:57:27+01:00" level=info msg="POST /api/jobs [::1]:61664 59.875µs"
time="2023-10-19T15:57:42+01:00" level=info msg="&{0x140000b0360 <nil> <nil> false true {0 0} false false false 0x10339bc40}"
time="2023-10-19T15:57:49+01:00" level=info msg="POST /api/jobs [::1]:61688 9.22804525s"
time="2023-10-19T15:59:29+01:00" level=info msg="Starting server on port :8080"
time="2023-10-19T15:59:32+01:00" level=info msg="&{0x1400000e018 <nil> <nil> false true {0 0} false false false 0x102d77c40}"
time="2023-10-19T15:59:34+01:00" level=info msg="POST /api/jobs [::1]:61739 4.236565417s"
time="2023-10-19T16:01:58+01:00" level=info msg="POST /api/auth/login [::1]:61807 75.785209ms"
time="2023-10-19T16:02:00+01:00" level=info msg="&{0x1400029e330 <nil> <nil> false true {0 0} false false false 0x102d77c40}"
time="2023-10-19T16:02:00+01:00" level=info msg="POST /api/jobs [::1]:61815 60.5µs"
time="2023-10-19T16:02:29+01:00" level=info msg="&{0x140000ac540 <nil> <nil> false true {0 0} false false false 0x102d77c40}"
time="2023-10-19T16:02:48+01:00" level=info msg="POST /api/jobs [::1]:61844 39.376261583s"
time="2023-10-19T16:03:15+01:00" level=info msg="&{0x1400000e3c0 <nil> <nil> false true {0 0} false false false 0x102d77c40}"
time="2023-10-19T16:03:25+01:00" level=info msg="POST /api/jobs [::1]:61889 12.744521291s"
time="2023-10-19T16:03:37+01:00" level=info msg="&{0x140000ac5d0 <nil> <nil> false true {0 0} false false false 0x102d77c40}"
time="2023-10-19T16:03:39+01:00" level=info msg="POST /api/jobs [::1]:61903 6.595319958s"
time="2023-10-19T16:03:45+01:00" level=info msg="&{0x140000ac6a8 <nil> <nil> false true {0 0} false false false 0x102d77c40}"
time="2023-10-19T16:03:47+01:00" level=info msg="POST /api/jobs [::1]:61739 3.580646333s"
time="2023-10-19T16:03:54+01:00" level=info msg="&{0x140000ac858 <nil> <nil> false true {0 0} false false false 0x102d77c40}"
time="2023-10-19T16:03:56+01:00" level=info msg="POST /api/jobs [::1]:61739 3.133332459s"
time="2023-10-19T16:04:09+01:00" level=info msg="&{0x1400029e480 <nil> <nil> false true {0 0} false false false 0x102d77c40}"
time="2023-10-19T16:04:10+01:00" level=info msg="POST /api/jobs [::1]:61917 3.91506825s"
time="2023-10-19T16:04:38+01:00" level=info msg="Starting server on port :8080"
time="2023-10-19T16:04:43+01:00" level=info msg="&{0x140000a4558 <nil> <nil> false true {0 0} false false false 0x10104bc80}"
time="2023-10-19T16:04:51+01:00" level=info msg="POST /api/jobs [::1]:62159 10.03378325s"
time="2023-10-19T16:05:17+01:00" level=info msg="&{0x140000a46d8 <nil> <nil> false true {0 0} false false false 0x10104bc80}"
time="2023-10-19T16:05:17+01:00" level=info msg="POST /api/jobs [::1]:62172 121.083µs"
time="2023-10-19T16:06:08+01:00" level=info msg="&{0x140000a48a0 <nil> <nil> false true {0 0} false false false 0x10104bc80}"
time="2023-10-19T16:06:08+01:00" level=info msg="POST /api/jobs [::1]:62182 524.333µs"
time="2023-10-19T16:07:16+01:00" level=info msg="&{0x140000a4a08 <nil> <nil> false true {0 0} false false false 0x10104bc80}"
time="2023-10-19T16:07:16+01:00" level=info msg="POST /api/jobs [::1]:62190 110.166µs"
time="2023-10-19T16:14:40+01:00" level=info msg="POST /api/auth/login [::1]:62447 77.174417ms"
time="2023-10-19T16:14:42+01:00" level=info msg="&{0x1400031e078 <nil> <nil> false true {0 0} false false false 0x10104bc80}"
time="2023-10-19T16:14:42+01:00" level=info msg="POST /api/jobs [::1]:62455 118.083µs"
time="2023-10-19T16:14:59+01:00" level=info msg="POST /api/auth/login [::1]:62468 75.926ms"
time="2023-10-19T16:15:01+01:00" level=info msg="&{0x1400031e360 <nil> <nil> false true {0 0} false false false 0x10104bc80}"
time="2023-10-19T16:15:01+01:00" level=info msg="POST /api/jobs [::1]:62473 104.416µs"
time="2023-10-19T16:15:14+01:00" level=info msg="&{0x140000a4df8 <nil> <nil> false true {0 0} false false false 0x10104bc80}"
time="2023-10-19T16:15:14+01:00" level=info msg="POST /api/jobs [::1]:62478 214.667µs"
time="2023-10-19T16:15:56+01:00" level=info msg="&{0x1400031e4c8 <nil> <nil> false true {0 0} false false false 0x10104bc80}"
time="2023-10-19T16:15:56+01:00" level=info msg="POST /api/jobs [::1]:62484 11.923542ms"
time="2023-10-19T16:17:10+01:00" level=info msg="&{0x1400031e600 <nil> <nil> false true {0 0} false false false 0x10104bc80}"
time="2023-10-19T16:17:10+01:00" level=info msg="POST /api/jobs [::1]:62495 11.518ms"
time="2023-10-19T16:17:26+01:00" level=info msg="&{0x1400031e7b0 <nil> <nil> false true {0 0} false false false 0x10104bc80}"
time="2023-10-19T16:17:26+01:00" level=info msg="POST /api/jobs [::1]:62503 14.270042ms"
time="2023-10-19T16:33:25+01:00" level=info msg="POST /api/auth/login [::1]:63043 82.19275ms"
time="2023-10-19T16:33:28+01:00" level=info msg="&{0x140000a51b8 <nil> <nil> false true {0 0} false false false 0x10104bc80}"
time="2023-10-19T16:33:28+01:00" level=info msg="POST /api/jobs [::1]:63049 132.542µs"
time="2023-10-19T16:33:32+01:00" level=info msg="&{0x140000a5320 <nil> <nil> false true {0 0} false false false 0x10104bc80}"
time="2023-10-19T16:33:32+01:00" level=info msg="POST /api/jobs [::1]:63051 21.686791ms"
time="2023-10-19T16:36:14+01:00" level=info msg="POST /api/auth/login [::1]:63096 75.923375ms"
time="2023-10-19T16:36:32+01:00" level=info msg="POST /api/auth/login [::1]:63113 77.478125ms"
time="2023-10-19T16:36:52+01:00" level=info msg="POST /api/auth/login [::1]:63130 79.323875ms"
time="2023-10-19T16:37:18+01:00" level=info msg="POST /api/auth/login [::1]:63138 76.6975ms"
time="2023-10-19T16:38:01+01:00" level=info msg="POST /api/auth/login [::1]:63286 74.302917ms"
time="2023-10-19T16:39:06+01:00" level=info msg="POST /api/auth/login [::1]:63299 74.957708ms"
time="2023-10-19T16:39:39+01:00" level=info msg="POST /api/auth/login [::1]:63322 74.485334ms"
time="2023-10-19T16:40:05+01:00" level=info msg="POST /api/auth/login [::1]:63343 76.5525ms"
time="2023-10-19T16:40:09+01:00" level=info msg="GET /api/jobs [::1]:63346 4.333974334s"
time="2023-10-19T16:45:26+01:00" level=info msg="GET /api/jobs [::1]:63532 1.263869584s"
time="2023-10-19T16:45:26+01:00" level=info msg="GET /api/jobs [::1]:63524 18.758544292s"
time="2023-10-19T16:46:19+01:00" level=info msg="GET /api/jobs [::1]:63550 7.653083ms"
time="2023-10-19T16:53:06+01:00" level=info msg="Starting server on port :8080"
time="2023-10-19T16:54:05+01:00" level=info msg="GET /api/jobs [::1]:63960 12.357138083s"
time="2023-10-19T16:54:57+01:00" level=info msg="GET /api/jobs [::1]:63978 4.287351416s"
time="2023-10-19T16:55:31+01:00" level=info msg="Starting server on port :8080"
time="2023-10-19T16:55:58+01:00" level=info msg="GET /api/jobs [::1]:64004 24.930703417s"
time="2023-10-19T16:57:13+01:00" level=info msg="Starting server on port :8080"
time="2023-10-19T16:57:32+01:00" level=info msg="GET /api/jobs [::1]:64036 16.220208625s"
time="2023-10-19T17:02:05+01:00" level=info msg="Starting server on port :8080"
time="2023-10-19T17:02:38+01:00" level=info msg="Starting server on port :8080"
time="2023-10-19T17:02:51+01:00" level=info msg="GET /api/jobs [::1]:64202 5.964864917s"
time="2023-10-19T17:03:06+01:00" level=info msg="Starting server on port :8080"
time="2023-10-19T17:03:06+01:00" level=info msg="GET /api/jobs [::1]:64231 4.020541ms"
time="2023-10-19T17:03:08+01:00" level=info msg="GET /api/jobs [::1]:64231 7.496459ms"
time="2023-10-19T17:04:10+01:00" level=info msg="Starting server on port :8080"
time="2023-10-19T17:04:11+01:00" level=info msg="GET /api/jobs [::1]:64256 8.204375ms"
time="2023-10-19T17:04:12+01:00" level=info msg="GET /api/jobs [::1]:64256 9.332583ms"
time="2023-10-19T17:04:23+01:00" level=info msg="POST /api/jobs [::1]:64256 14.379375ms"
time="2023-10-19T17:04:23+01:00" level=info msg="POST /api/jobs [::1]:64256 10.056708ms"
time="2023-10-19T17:04:48+01:00" level=info msg="POST /api/jobs [::1]:64256 14.90525ms"
time="2023-10-19T17:04:49+01:00" level=info msg="POST /api/jobs [::1]:64256 10.096167ms"
time="2023-10-19T17:04:53+01:00" level=info msg="Starting server on port :8080"
time="2023-10-19T17:04:54+01:00" level=info msg="POST /api/jobs [::1]:64299 9.488417ms"
time="2023-10-19T17:05:09+01:00" level=info msg="GET /api/jobs [::1]:64305 10.664167ms"
time="2023-10-19T17:16:38+01:00" level=info msg="GET /api/jobs [::1]:64675 17.922084ms"
